07-Mar-2026 15:36:16.328 SEVERE [main] org.apache.catalina.startup.Catalina.stopServer Could not contact [localhost:8005] (base port [8005] and offset [0]). Tomcat may not be running.
07-Mar-2026 15:36:16.336 SEVERE [main] org.apache.catalina.startup.Catalina.stopServer Error stopping Catalina
	java.net.ConnectException: Connection refused: connect
		at java.base/sun.nio.ch.Net.connect0(Native Method)
		at java.base/sun.nio.ch.Net.connect(Net.java:579)
		at java.base/sun.nio.ch.Net.connect(Net.java:568)
		at java.base/sun.nio.ch.NioSocketImpl.connect(NioSocketImpl.java:593)
		at java.base/java.net.SocksSocketImpl.connect(SocksSocketImpl.java:327)
		at java.base/java.net.Socket.connect(Socket.java:633)
		at java.base/java.net.Socket.connect(Socket.java:583)
		at java.base/java.net.Socket.<init>(Socket.java:507)
		at java.base/java.net.Socket.<init>(Socket.java:287)
		at org.apache.catalina.startup.Catalina.stopServer(Catalina.java:654)
		at java.base/jdk.internal.reflect.NativeMethodAccessorImpl.invoke0(Native Method)
		at java.base/jdk.internal.reflect.NativeMethodAccessorImpl.invoke(NativeMethodAccessorImpl.java:77)
		at java.base/jdk.internal.reflect.DelegatingMethodAccessorImpl.invoke(DelegatingMethodAccessorImpl.java:43)
		at java.base/java.lang.reflect.Method.invoke(Method.java:568)
		at org.apache.catalina.startup.Bootstrap.stopServer(Bootstrap.java:390)
		at org.apache.catalina.startup.Bootstrap.main(Bootstrap.java:479)
07-Mar-2026 15:36:22.352 INFO [main] org.apache.catalina.startup.VersionLoggerListener.log Server version name:   Apache Tomcat/10.1.52
07-Mar-2026 15:36:22.358 INFO [main] org.apache.catalina.startup.VersionLoggerListener.log Server built:          Jan 23 2026 19:29:07 UTC
07-Mar-2026 15:36:22.359 INFO [main] org.apache.catalina.startup.VersionLoggerListener.log Server version number: 10.1.52.0
07-Mar-2026 15:36:22.359 INFO [main] org.apache.catalina.startup.VersionLoggerListener.log OS Name:               Windows 11
07-Mar-2026 15:36:22.360 INFO [main] org.apache.catalina.startup.VersionLoggerListener.log OS Version:            10.0
07-Mar-2026 15:36:22.360 INFO [main] org.apache.catalina.startup.VersionLoggerListener.log Architecture:          amd64
07-Mar-2026 15:36:22.360 INFO [main] org.apache.catalina.startup.VersionLoggerListener.log Java Home:             C:\Program Files\Java\jdk-17
07-Mar-2026 15:36:22.360 INFO [main] org.apache.catalina.startup.VersionLoggerListener.log JVM Version:           17.0.12+8-LTS-286
07-Mar-2026 15:36:22.361 INFO [main] org.apache.catalina.startup.VersionLoggerListener.log JVM Vendor:            Oracle Corporation
07-Mar-2026 15:36:22.361 INFO [main] org.apache.catalina.startup.VersionLoggerListener.log CATALINA_BASE:         E:\apache-tomcat-10.1.52
07-Mar-2026 15:36:22.361 INFO [main] org.apache.catalina.startup.VersionLoggerListener.log CATALINA_HOME:         E:\apache-tomcat-10.1.52
07-Mar-2026 15:36:22.373 INFO [main] org.apache.catalina.startup.VersionLoggerListener.log Command line argument: -Djava.util.logging.config.file=E:\apache-tomcat-10.1.52\conf\logging.properties
07-Mar-2026 15:36:22.374 INFO [main] org.apache.catalina.startup.VersionLoggerListener.log Command line argument: -Djava.util.logging.manager=org.apache.juli.ClassLoaderLogManager
07-Mar-2026 15:36:22.374 INFO [main] org.apache.catalina.startup.VersionLoggerListener.log Command line argument: -Djdk.tls.ephemeralDHKeySize=2048
07-Mar-2026 15:36:22.374 INFO [main] org.apache.catalina.startup.VersionLoggerListener.log Command line argument: -Djava.protocol.handler.pkgs=org.apache.catalina.webresources
07-Mar-2026 15:36:22.375 INFO [main] org.apache.catalina.startup.VersionLoggerListener.log Command line argument: -Dsun.io.useCanonCaches=false
07-Mar-2026 15:36:22.375 INFO [main] org.apache.catalina.startup.VersionLoggerListener.log Command line argument: --add-opens=java.base/java.lang=ALL-UNNAMED
07-Mar-2026 15:36:22.375 INFO [main] org.apache.catalina.startup.VersionLoggerListener.log Command line argument: --add-opens=java.base/java.lang.reflect=ALL-UNNAMED
07-Mar-2026 15:36:22.376 INFO [main] org.apache.catalina.startup.VersionLoggerListener.log Command line argument: --add-opens=java.base/java.io=ALL-UNNAMED
07-Mar-2026 15:36:22.376 INFO [main] org.apache.catalina.startup.VersionLoggerListener.log Command line argument: --add-opens=java.base/java.util=ALL-UNNAMED
07-Mar-2026 15:36:22.378 INFO [main] org.apache.catalina.startup.VersionLoggerListener.log Command line argument: --add-opens=java.base/java.util.concurrent=ALL-UNNAMED
07-Mar-2026 15:36:22.378 INFO [main] org.apache.catalina.startup.VersionLoggerListener.log Command line argument: --add-opens=java.rmi/sun.rmi.transport=ALL-UNNAMED
07-Mar-2026 15:36:22.378 INFO [main] org.apache.catalina.startup.VersionLoggerListener.log Command line argument: -Dcatalina.base=E:\apache-tomcat-10.1.52
07-Mar-2026 15:36:22.379 INFO [main] org.apache.catalina.startup.VersionLoggerListener.log Command line argument: -Dcatalina.home=E:\apache-tomcat-10.1.52
07-Mar-2026 15:36:22.379 INFO [main] org.apache.catalina.startup.VersionLoggerListener.log Command line argument: -Djava.io.tmpdir=E:\apache-tomcat-10.1.52\temp
07-Mar-2026 15:36:22.384 INFO [main] org.apache.catalina.core.AprLifecycleListener.lifecycleEvent Loaded Apache Tomcat Native library [2.0.12] using APR version [1.7.6].
07-Mar-2026 15:36:22.392 INFO [main] org.apache.catalina.core.AprLifecycleListener.initializeSSL OpenSSL successfully initialized [OpenSSL 3.5.4 30 Sep 2025]
07-Mar-2026 15:36:22.747 INFO [main] org.apache.coyote.AbstractProtocol.init Initializing ProtocolHandler ["http-nio-8080"]
07-Mar-2026 15:36:22.799 INFO [main] org.apache.catalina.startup.Catalina.load Server initialization in [740] milliseconds
07-Mar-2026 15:36:22.929 INFO [main] org.apache.catalina.core.StandardService.startInternal Starting service [Catalina]
07-Mar-2026 15:36:22.929 INFO [main] org.apache.catalina.core.StandardEngine.startInternal Starting Servlet engine: [Apache Tomcat/10.1.52]
07-Mar-2026 15:36:23.573 WARNING [main] org.apache.catalina.util.SessionIdGeneratorBase.createSecureRandom Creation of SecureRandom instance for session ID generation using [SHA1PRNG] took [106] milliseconds.
07-Mar-2026 15:36:23.605 INFO [main] org.apache.catalina.startup.HostConfig.deployDirectory Deploying web application directory [E:\apache-tomcat-10.1.52\webapps\docs]
07-Mar-2026 15:36:23.657 INFO [main] org.apache.catalina.startup.HostConfig.deployDirectory Deployment of web application directory [E:\apache-tomcat-10.1.52\webapps\docs] has finished in [51] ms
07-Mar-2026 15:36:23.658 INFO [main] org.apache.catalina.startup.HostConfig.deployDirectory Deploying web application directory [E:\apache-tomcat-10.1.52\webapps\examples]
07-Mar-2026 15:36:24.133 INFO [main] org.apache.catalina.startup.HostConfig.deployDirectory Deployment of web application directory [E:\apache-tomcat-10.1.52\webapps\examples] has finished in [474] ms
07-Mar-2026 15:36:24.133 INFO [main] org.apache.catalina.startup.HostConfig.deployDirectory Deploying web application directory [E:\apache-tomcat-10.1.52\webapps\host-manager]
07-Mar-2026 15:36:24.179 INFO [main] org.apache.catalina.startup.HostConfig.deployDirectory Deployment of web application directory [E:\apache-tomcat-10.1.52\webapps\host-manager] has finished in [46] ms
07-Mar-2026 15:36:24.180 INFO [main] org.apache.catalina.startup.HostConfig.deployDirectory Deploying web application directory [E:\apache-tomcat-10.1.52\webapps\IBanking]
07-Mar-2026 15:36:24.242 INFO [main] org.apache.catalina.startup.HostConfig.deployDirectory Deployment of web application directory [E:\apache-tomcat-10.1.52\webapps\IBanking] has finished in [61] ms
07-Mar-2026 15:36:24.243 INFO [main] org.apache.catalina.startup.HostConfig.deployDirectory Deploying web application directory [E:\apache-tomcat-10.1.52\webapps\manager]
07-Mar-2026 15:36:24.279 INFO [main] org.apache.catalina.startup.HostConfig.deployDirectory Deployment of web application directory [E:\apache-tomcat-10.1.52\webapps\manager] has finished in [36] ms
07-Mar-2026 15:36:24.280 INFO [main] org.apache.catalina.startup.HostConfig.deployDirectory Deploying web application directory [E:\apache-tomcat-10.1.52\webapps\ROOT]
07-Mar-2026 15:36:24.303 INFO [main] org.apache.catalina.startup.HostConfig.deployDirectory Deployment of web application directory [E:\apache-tomcat-10.1.52\webapps\ROOT] has finished in [23] ms
07-Mar-2026 15:36:24.317 INFO [main] org.apache.coyote.AbstractProtocol.start Starting ProtocolHandler ["http-nio-8080"]
07-Mar-2026 15:36:24.538 INFO [main] org.apache.catalina.startup.Catalina.start Server startup in [1738] milliseconds
