03-Mar-2026 09:35:12.511 INFO [main] org.apache.catalina.core.ApplicationContext.log ContextListener: contextInitialized()
03-Mar-2026 09:35:12.511 INFO [main] org.apache.catalina.core.ApplicationContext.log SessionListener: contextInitialized()
03-Mar-2026 09:35:12.513 INFO [main] org.apache.catalina.core.ApplicationContext.log ContextListener: attributeAdded('StockTicker', 'async.Stockticker@1a1da881')
03-Mar-2026 09:35:31.380 SEVERE [http-nio-8080-exec-4] org.apache.catalina.core.StandardWrapperValve.invoke Servlet.service() for servlet [jsp] in context with path [/IBanking] threw exception [org.apache.jasper.JasperException: Unable to compile class for JSP: 

An error occurred at line: [14] in the jsp file: [/history.jsp]
history cannot be resolved to a variable
11: <body>
12:     <h1>Lịch sử hoạt động</h1>
13:     <%
14:         if(history != null && !history.isEmpty()){
15:             out.println("<ul>");
16:             for(String item : history){
17:                 out.println("<li>" +item + "</li>");


An error occurred at line: [14] in the jsp file: [/history.jsp]
history cannot be resolved
11: <body>
12:     <h1>Lịch sử hoạt động</h1>
13:     <%
14:         if(history != null && !history.isEmpty()){
15:             out.println("<ul>");
16:             for(String item : history){
17:                 out.println("<li>" +item + "</li>");


An error occurred at line: [16] in the jsp file: [/history.jsp]
history cannot be resolved to a variable
13:     <%
14:         if(history != null && !history.isEmpty()){
15:             out.println("<ul>");
16:             for(String item : history){
17:                 out.println("<li>" +item + "</li>");
18:             }
19:             out.println("</ul>");


Stacktrace:] with root cause
	org.apache.jasper.JasperException: Unable to compile class for JSP: 

An error occurred at line: [14] in the jsp file: [/history.jsp]
history cannot be resolved to a variable
11: <body>
12:     <h1>Lịch sử hoạt động</h1>
13:     <%
14:         if(history != null && !history.isEmpty()){
15:             out.println("<ul>");
16:             for(String item : history){
17:                 out.println("<li>" +item + "</li>");


An error occurred at line: [14] in the jsp file: [/history.jsp]
history cannot be resolved
11: <body>
12:     <h1>Lịch sử hoạt động</h1>
13:     <%
14:         if(history != null && !history.isEmpty()){
15:             out.println("<ul>");
16:             for(String item : history){
17:                 out.println("<li>" +item + "</li>");


An error occurred at line: [16] in the jsp file: [/history.jsp]
history cannot be resolved to a variable
13:     <%
14:         if(history != null && !history.isEmpty()){
15:             out.println("<ul>");
16:             for(String item : history){
17:                 out.println("<li>" +item + "</li>");
18:             }
19:             out.println("</ul>");


Stacktrace:
		at org.apache.jasper.compiler.DefaultErrorHandler.javacError(DefaultErrorHandler.java:70)
		at org.apache.jasper.compiler.ErrorDispatcher.javacError(ErrorDispatcher.java:189)
		at org.apache.jasper.compiler.JDTCompiler.generateClass(JDTCompiler.java:553)
		at org.apache.jasper.compiler.Compiler.compile(Compiler.java:367)
		at org.apache.jasper.compiler.Compiler.compile(Compiler.java:339)
		at org.apache.jasper.compiler.Compiler.compile(Compiler.java:325)
		at org.apache.jasper.JspCompilationContext.compile(JspCompilationContext.java:586)
		at org.apache.jasper.servlet.JspServletWrapper.service(JspServletWrapper.java:368)
		at org.apache.jasper.servlet.JspServlet.serviceJspFile(JspServlet.java:350)
		at org.apache.jasper.servlet.JspServlet.service(JspServlet.java:301)
		at jakarta.servlet.http.HttpServlet.service(HttpServlet.java:658)
		at org.apache.catalina.core.ApplicationFilterChain.internalDoFilter(ApplicationFilterChain.java:193)
		at org.apache.catalina.core.ApplicationFilterChain.doFilter(ApplicationFilterChain.java:138)
		at org.apache.tomcat.websocket.server.WsFilter.doFilter(WsFilter.java:51)
		at org.apache.catalina.core.ApplicationFilterChain.internalDoFilter(ApplicationFilterChain.java:162)
		at org.apache.catalina.core.ApplicationFilterChain.doFilter(ApplicationFilterChain.java:138)
		at org.apache.catalina.core.StandardWrapperValve.invoke(StandardWrapperValve.java:165)
		at org.apache.catalina.core.StandardContextValve.invoke(StandardContextValve.java:88)
		at org.apache.catalina.authenticator.AuthenticatorBase.invoke(AuthenticatorBase.java:492)
		at org.apache.catalina.core.StandardHostValve.invoke(StandardHostValve.java:113)
		at org.apache.catalina.valves.ErrorReportValve.invoke(ErrorReportValve.java:83)
		at org.apache.catalina.valves.AbstractAccessLogValve.invoke(AbstractAccessLogValve.java:654)
		at org.apache.catalina.core.StandardEngineValve.invoke(StandardEngineValve.java:72)
		at org.apache.catalina.connector.CoyoteAdapter.service(CoyoteAdapter.java:342)
		at org.apache.coyote.http11.Http11Processor.service(Http11Processor.java:399)
		at org.apache.coyote.AbstractProcessorLight.process(AbstractProcessorLight.java:63)
		at org.apache.coyote.AbstractProtocol$ConnectionHandler.process(AbstractProtocol.java:903)
		at org.apache.tomcat.util.net.NioEndpoint$SocketProcessor.doRun(NioEndpoint.java:1775)
		at org.apache.tomcat.util.net.SocketProcessorBase.run(SocketProcessorBase.java:52)
		at org.apache.tomcat.util.threads.ThreadPoolExecutor.runWorker(ThreadPoolExecutor.java:973)
		at org.apache.tomcat.util.threads.ThreadPoolExecutor$Worker.run(ThreadPoolExecutor.java:491)
		at org.apache.tomcat.util.threads.TaskThread$WrappingRunnable.run(TaskThread.java:63)
		at java.base/java.lang.Thread.run(Thread.java:842)
03-Mar-2026 09:36:55.437 SEVERE [http-nio-8080-exec-9] org.apache.catalina.core.StandardWrapperValve.invoke Servlet.service() for servlet [jsp] in context with path [/IBanking] threw exception [org.apache.jasper.JasperException: Unsupported encoding: [ UTF-8]] with root cause
	org.apache.jasper.JasperException: Unsupported encoding: [ UTF-8]
		at org.apache.jasper.compiler.DefaultErrorHandler.jspError(DefaultErrorHandler.java:35)
		at org.apache.jasper.compiler.ErrorDispatcher.dispatch(ErrorDispatcher.java:267)
		at org.apache.jasper.compiler.ErrorDispatcher.jspError(ErrorDispatcher.java:74)
		at org.apache.jasper.compiler.JspUtil.getReader(JspUtil.java:807)
		at org.apache.jasper.compiler.ParserController.doParse(ParserController.java:238)
		at org.apache.jasper.compiler.ParserController.parseDirectives(ParserController.java:123)
		at org.apache.jasper.compiler.Compiler.generateJava(Compiler.java:184)
		at org.apache.jasper.compiler.Compiler.compile(Compiler.java:361)
		at org.apache.jasper.compiler.Compiler.compile(Compiler.java:339)
		at org.apache.jasper.compiler.Compiler.compile(Compiler.java:325)
		at org.apache.jasper.JspCompilationContext.compile(JspCompilationContext.java:586)
		at org.apache.jasper.servlet.JspServletWrapper.service(JspServletWrapper.java:368)
		at org.apache.jasper.servlet.JspServlet.serviceJspFile(JspServlet.java:350)
		at org.apache.jasper.servlet.JspServlet.service(JspServlet.java:301)
		at jakarta.servlet.http.HttpServlet.service(HttpServlet.java:658)
		at org.apache.catalina.core.ApplicationFilterChain.internalDoFilter(ApplicationFilterChain.java:193)
		at org.apache.catalina.core.ApplicationFilterChain.doFilter(ApplicationFilterChain.java:138)
		at org.apache.tomcat.websocket.server.WsFilter.doFilter(WsFilter.java:51)
		at org.apache.catalina.core.ApplicationFilterChain.internalDoFilter(ApplicationFilterChain.java:162)
		at org.apache.catalina.core.ApplicationFilterChain.doFilter(ApplicationFilterChain.java:138)
		at org.apache.catalina.core.StandardWrapperValve.invoke(StandardWrapperValve.java:165)
		at org.apache.catalina.core.StandardContextValve.invoke(StandardContextValve.java:88)
		at org.apache.catalina.authenticator.AuthenticatorBase.invoke(AuthenticatorBase.java:492)
		at org.apache.catalina.core.StandardHostValve.invoke(StandardHostValve.java:113)
		at org.apache.catalina.valves.ErrorReportValve.invoke(ErrorReportValve.java:83)
		at org.apache.catalina.valves.AbstractAccessLogValve.invoke(AbstractAccessLogValve.java:654)
		at org.apache.catalina.core.StandardEngineValve.invoke(StandardEngineValve.java:72)
		at org.apache.catalina.connector.CoyoteAdapter.service(CoyoteAdapter.java:342)
		at org.apache.coyote.http11.Http11Processor.service(Http11Processor.java:399)
		at org.apache.coyote.AbstractProcessorLight.process(AbstractProcessorLight.java:63)
		at org.apache.coyote.AbstractProtocol$ConnectionHandler.process(AbstractProtocol.java:903)
		at org.apache.tomcat.util.net.NioEndpoint$SocketProcessor.doRun(NioEndpoint.java:1775)
		at org.apache.tomcat.util.net.SocketProcessorBase.run(SocketProcessorBase.java:52)
		at org.apache.tomcat.util.threads.ThreadPoolExecutor.runWorker(ThreadPoolExecutor.java:973)
		at org.apache.tomcat.util.threads.ThreadPoolExecutor$Worker.run(ThreadPoolExecutor.java:491)
		at org.apache.tomcat.util.threads.TaskThread$WrappingRunnable.run(TaskThread.java:63)
		at java.base/java.lang.Thread.run(Thread.java:842)
03-Mar-2026 09:37:25.042 INFO [main] org.apache.catalina.core.ApplicationContext.log SessionListener: contextDestroyed()
03-Mar-2026 09:37:25.042 INFO [main] org.apache.catalina.core.ApplicationContext.log ContextListener: contextDestroyed()
03-Mar-2026 09:37:27.984 INFO [main] org.apache.catalina.core.ApplicationContext.log ContextListener: contextInitialized()
03-Mar-2026 09:37:27.984 INFO [main] org.apache.catalina.core.ApplicationContext.log SessionListener: contextInitialized()
03-Mar-2026 09:37:27.987 INFO [main] org.apache.catalina.core.ApplicationContext.log ContextListener: attributeAdded('StockTicker', 'async.Stockticker@2f058b8a')
03-Mar-2026 09:37:48.461 SEVERE [http-nio-8080-exec-5] org.apache.catalina.core.StandardWrapperValve.invoke Servlet.service() for servlet [jsp] in context with path [/IBanking] threw exception [org.apache.jasper.JasperException: Unable to compile class for JSP: 

An error occurred at line: [14] in the jsp file: [/history.jsp]
history cannot be resolved to a variable
11: <body>
12:     <h1>Lịch sử hoạt động</h1>
13:     <%
14:         if(history != null && !history.isEmpty()){
15:             out.println("<ul>");
16:             for(String item : history){
17:                 out.println("<li>" +item + "</li>");


An error occurred at line: [14] in the jsp file: [/history.jsp]
history cannot be resolved
11: <body>
12:     <h1>Lịch sử hoạt động</h1>
13:     <%
14:         if(history != null && !history.isEmpty()){
15:             out.println("<ul>");
16:             for(String item : history){
17:                 out.println("<li>" +item + "</li>");


An error occurred at line: [16] in the jsp file: [/history.jsp]
history cannot be resolved to a variable
13:     <%
14:         if(history != null && !history.isEmpty()){
15:             out.println("<ul>");
16:             for(String item : history){
17:                 out.println("<li>" +item + "</li>");
18:             }
19:             out.println("</ul>");


Stacktrace:] with root cause
	org.apache.jasper.JasperException: Unable to compile class for JSP: 

An error occurred at line: [14] in the jsp file: [/history.jsp]
history cannot be resolved to a variable
11: <body>
12:     <h1>Lịch sử hoạt động</h1>
13:     <%
14:         if(history != null && !history.isEmpty()){
15:             out.println("<ul>");
16:             for(String item : history){
17:                 out.println("<li>" +item + "</li>");


An error occurred at line: [14] in the jsp file: [/history.jsp]
history cannot be resolved
11: <body>
12:     <h1>Lịch sử hoạt động</h1>
13:     <%
14:         if(history != null && !history.isEmpty()){
15:             out.println("<ul>");
16:             for(String item : history){
17:                 out.println("<li>" +item + "</li>");


An error occurred at line: [16] in the jsp file: [/history.jsp]
history cannot be resolved to a variable
13:     <%
14:         if(history != null && !history.isEmpty()){
15:             out.println("<ul>");
16:             for(String item : history){
17:                 out.println("<li>" +item + "</li>");
18:             }
19:             out.println("</ul>");


Stacktrace:
		at org.apache.jasper.compiler.DefaultErrorHandler.javacError(DefaultErrorHandler.java:70)
		at org.apache.jasper.compiler.ErrorDispatcher.javacError(ErrorDispatcher.java:189)
		at org.apache.jasper.compiler.JDTCompiler.generateClass(JDTCompiler.java:553)
		at org.apache.jasper.compiler.Compiler.compile(Compiler.java:367)
		at org.apache.jasper.compiler.Compiler.compile(Compiler.java:339)
		at org.apache.jasper.compiler.Compiler.compile(Compiler.java:325)
		at org.apache.jasper.JspCompilationContext.compile(JspCompilationContext.java:586)
		at org.apache.jasper.servlet.JspServletWrapper.service(JspServletWrapper.java:368)
		at org.apache.jasper.servlet.JspServlet.serviceJspFile(JspServlet.java:350)
		at org.apache.jasper.servlet.JspServlet.service(JspServlet.java:301)
		at jakarta.servlet.http.HttpServlet.service(HttpServlet.java:658)
		at org.apache.catalina.core.ApplicationFilterChain.internalDoFilter(ApplicationFilterChain.java:193)
		at org.apache.catalina.core.ApplicationFilterChain.doFilter(ApplicationFilterChain.java:138)
		at org.apache.tomcat.websocket.server.WsFilter.doFilter(WsFilter.java:51)
		at org.apache.catalina.core.ApplicationFilterChain.internalDoFilter(ApplicationFilterChain.java:162)
		at org.apache.catalina.core.ApplicationFilterChain.doFilter(ApplicationFilterChain.java:138)
		at org.apache.catalina.core.StandardWrapperValve.invoke(StandardWrapperValve.java:165)
		at org.apache.catalina.core.StandardContextValve.invoke(StandardContextValve.java:88)
		at org.apache.catalina.authenticator.AuthenticatorBase.invoke(AuthenticatorBase.java:492)
		at org.apache.catalina.core.StandardHostValve.invoke(StandardHostValve.java:113)
		at org.apache.catalina.valves.ErrorReportValve.invoke(ErrorReportValve.java:83)
		at org.apache.catalina.valves.AbstractAccessLogValve.invoke(AbstractAccessLogValve.java:654)
		at org.apache.catalina.core.StandardEngineValve.invoke(StandardEngineValve.java:72)
		at org.apache.catalina.connector.CoyoteAdapter.service(CoyoteAdapter.java:342)
		at org.apache.coyote.http11.Http11Processor.service(Http11Processor.java:399)
		at org.apache.coyote.AbstractProcessorLight.process(AbstractProcessorLight.java:63)
		at org.apache.coyote.AbstractProtocol$ConnectionHandler.process(AbstractProtocol.java:903)
		at org.apache.tomcat.util.net.NioEndpoint$SocketProcessor.doRun(NioEndpoint.java:1775)
		at org.apache.tomcat.util.net.SocketProcessorBase.run(SocketProcessorBase.java:52)
		at org.apache.tomcat.util.threads.ThreadPoolExecutor.runWorker(ThreadPoolExecutor.java:973)
		at org.apache.tomcat.util.threads.ThreadPoolExecutor$Worker.run(ThreadPoolExecutor.java:491)
		at org.apache.tomcat.util.threads.TaskThread$WrappingRunnable.run(TaskThread.java:63)
		at java.base/java.lang.Thread.run(Thread.java:842)
03-Mar-2026 16:41:16.383 INFO [main] org.apache.catalina.core.ApplicationContext.log ContextListener: contextInitialized()
03-Mar-2026 16:41:16.384 INFO [main] org.apache.catalina.core.ApplicationContext.log SessionListener: contextInitialized()
03-Mar-2026 16:41:16.386 INFO [main] org.apache.catalina.core.ApplicationContext.log ContextListener: attributeAdded('StockTicker', 'async.Stockticker@26fb628')
03-Mar-2026 16:41:29.118 INFO [http-nio-8080-exec-2] org.apache.catalina.core.ApplicationContext.log Marking servlet [Controller.LoginServlet] as unavailable
03-Mar-2026 16:41:29.118 SEVERE [http-nio-8080-exec-2] org.apache.catalina.core.StandardWrapperValve.invoke Allocate exception for servlet [Controller.LoginServlet]
	java.lang.UnsupportedClassVersionError: Controller/LoginServlet has been compiled by a more recent version of the Java Runtime (class file version 67.0), this version of the Java Runtime only recognizes class file versions up to 61.0 (unable to load class [Controller.LoginServlet])
		at org.apache.catalina.loader.WebappClassLoaderBase.findClassInternal(WebappClassLoaderBase.java:2363)
		at org.apache.catalina.loader.WebappClassLoaderBase.findClassInternal(WebappClassLoaderBase.java:2224)
		at org.apache.catalina.loader.WebappClassLoaderBase.findClass(WebappClassLoaderBase.java:811)
		at org.apache.catalina.loader.WebappClassLoaderBase.loadClass(WebappClassLoaderBase.java:1338)
		at org.apache.catalina.loader.WebappClassLoaderBase.loadClass(WebappClassLoaderBase.java:1186)
		at org.apache.catalina.core.DefaultInstanceManager.loadClass(DefaultInstanceManager.java:487)
		at org.apache.catalina.core.DefaultInstanceManager.loadClassMaybePrivileged(DefaultInstanceManager.java:469)
		at org.apache.catalina.core.DefaultInstanceManager.newInstance(DefaultInstanceManager.java:143)
		at org.apache.catalina.core.StandardWrapper.loadServlet(StandardWrapper.java:761)
		at org.apache.catalina.core.StandardWrapper.allocate(StandardWrapper.java:578)
		at org.apache.catalina.core.StandardWrapperValve.invoke(StandardWrapperValve.java:113)
		at org.apache.catalina.core.StandardContextValve.invoke(StandardContextValve.java:88)
		at org.apache.catalina.authenticator.AuthenticatorBase.invoke(AuthenticatorBase.java:492)
		at org.apache.catalina.core.StandardHostValve.invoke(StandardHostValve.java:113)
		at org.apache.catalina.valves.ErrorReportValve.invoke(ErrorReportValve.java:83)
		at org.apache.catalina.valves.AbstractAccessLogValve.invoke(AbstractAccessLogValve.java:654)
		at org.apache.catalina.core.StandardEngineValve.invoke(StandardEngineValve.java:72)
		at org.apache.catalina.connector.CoyoteAdapter.service(CoyoteAdapter.java:342)
		at org.apache.coyote.http11.Http11Processor.service(Http11Processor.java:399)
		at org.apache.coyote.AbstractProcessorLight.process(AbstractProcessorLight.java:63)
		at org.apache.coyote.AbstractProtocol$ConnectionHandler.process(AbstractProtocol.java:903)
		at org.apache.tomcat.util.net.NioEndpoint$SocketProcessor.doRun(NioEndpoint.java:1775)
		at org.apache.tomcat.util.net.SocketProcessorBase.run(SocketProcessorBase.java:52)
		at org.apache.tomcat.util.threads.ThreadPoolExecutor.runWorker(ThreadPoolExecutor.java:973)
		at org.apache.tomcat.util.threads.ThreadPoolExecutor$Worker.run(ThreadPoolExecutor.java:491)
		at org.apache.tomcat.util.threads.TaskThread$WrappingRunnable.run(TaskThread.java:63)
		at java.base/java.lang.Thread.run(Thread.java:842)
03-Mar-2026 16:42:44.212 INFO [main] org.apache.catalina.core.ApplicationContext.log SessionListener: contextDestroyed()
03-Mar-2026 16:42:44.212 INFO [main] org.apache.catalina.core.ApplicationContext.log ContextListener: contextDestroyed()
03-Mar-2026 16:44:19.989 INFO [main] org.apache.catalina.core.ApplicationContext.log ContextListener: contextInitialized()
03-Mar-2026 16:44:19.989 INFO [main] org.apache.catalina.core.ApplicationContext.log SessionListener: contextInitialized()
03-Mar-2026 16:44:19.991 INFO [main] org.apache.catalina.core.ApplicationContext.log ContextListener: attributeAdded('StockTicker', 'async.Stockticker@7fd4acee')
03-Mar-2026 16:44:30.660 INFO [http-nio-8080-exec-2] org.apache.catalina.core.ApplicationContext.log Marking servlet [Controller.LoginServlet] as unavailable
03-Mar-2026 16:44:30.660 SEVERE [http-nio-8080-exec-2] org.apache.catalina.core.StandardWrapperValve.invoke Allocate exception for servlet [Controller.LoginServlet]
	java.lang.UnsupportedClassVersionError: Controller/LoginServlet has been compiled by a more recent version of the Java Runtime (class file version 67.0), this version of the Java Runtime only recognizes class file versions up to 61.0 (unable to load class [Controller.LoginServlet])
		at org.apache.catalina.loader.WebappClassLoaderBase.findClassInternal(WebappClassLoaderBase.java:2363)
		at org.apache.catalina.loader.WebappClassLoaderBase.findClassInternal(WebappClassLoaderBase.java:2224)
		at org.apache.catalina.loader.WebappClassLoaderBase.findClass(WebappClassLoaderBase.java:811)
		at org.apache.catalina.loader.WebappClassLoaderBase.loadClass(WebappClassLoaderBase.java:1338)
		at org.apache.catalina.loader.WebappClassLoaderBase.loadClass(WebappClassLoaderBase.java:1186)
		at org.apache.catalina.core.DefaultInstanceManager.loadClass(DefaultInstanceManager.java:487)
		at org.apache.catalina.core.DefaultInstanceManager.loadClassMaybePrivileged(DefaultInstanceManager.java:469)
		at org.apache.catalina.core.DefaultInstanceManager.newInstance(DefaultInstanceManager.java:143)
		at org.apache.catalina.core.StandardWrapper.loadServlet(StandardWrapper.java:761)
		at org.apache.catalina.core.StandardWrapper.allocate(StandardWrapper.java:578)
		at org.apache.catalina.core.StandardWrapperValve.invoke(StandardWrapperValve.java:113)
		at org.apache.catalina.core.StandardContextValve.invoke(StandardContextValve.java:88)
		at org.apache.catalina.authenticator.AuthenticatorBase.invoke(AuthenticatorBase.java:492)
		at org.apache.catalina.core.StandardHostValve.invoke(StandardHostValve.java:113)
		at org.apache.catalina.valves.ErrorReportValve.invoke(ErrorReportValve.java:83)
		at org.apache.catalina.valves.AbstractAccessLogValve.invoke(AbstractAccessLogValve.java:654)
		at org.apache.catalina.core.StandardEngineValve.invoke(StandardEngineValve.java:72)
		at org.apache.catalina.connector.CoyoteAdapter.service(CoyoteAdapter.java:342)
		at org.apache.coyote.http11.Http11Processor.service(Http11Processor.java:399)
		at org.apache.coyote.AbstractProcessorLight.process(AbstractProcessorLight.java:63)
		at org.apache.coyote.AbstractProtocol$ConnectionHandler.process(AbstractProtocol.java:903)
		at org.apache.tomcat.util.net.NioEndpoint$SocketProcessor.doRun(NioEndpoint.java:1775)
		at org.apache.tomcat.util.net.SocketProcessorBase.run(SocketProcessorBase.java:52)
		at org.apache.tomcat.util.threads.ThreadPoolExecutor.runWorker(ThreadPoolExecutor.java:973)
		at org.apache.tomcat.util.threads.ThreadPoolExecutor$Worker.run(ThreadPoolExecutor.java:491)
		at org.apache.tomcat.util.threads.TaskThread$WrappingRunnable.run(TaskThread.java:63)
		at java.base/java.lang.Thread.run(Thread.java:842)
03-Mar-2026 17:04:33.196 INFO [main] org.apache.catalina.core.ApplicationContext.log SessionListener: contextDestroyed()
03-Mar-2026 17:04:33.196 INFO [main] org.apache.catalina.core.ApplicationContext.log ContextListener: contextDestroyed()
03-Mar-2026 17:04:36.228 INFO [main] org.apache.catalina.core.ApplicationContext.log ContextListener: contextInitialized()
03-Mar-2026 17:04:36.228 INFO [main] org.apache.catalina.core.ApplicationContext.log SessionListener: contextInitialized()
03-Mar-2026 17:04:36.230 INFO [main] org.apache.catalina.core.ApplicationContext.log ContextListener: attributeAdded('StockTicker', 'async.Stockticker@6175619b')
03-Mar-2026 17:04:45.075 INFO [http-nio-8080-exec-1] org.apache.catalina.core.ApplicationContext.log Marking servlet [Controller.LoginServlet] as unavailable
03-Mar-2026 17:04:45.075 SEVERE [http-nio-8080-exec-1] org.apache.catalina.core.StandardWrapperValve.invoke Allocate exception for servlet [Controller.LoginServlet]
	java.lang.UnsupportedClassVersionError: Controller/LoginServlet has been compiled by a more recent version of the Java Runtime (class file version 67.0), this version of the Java Runtime only recognizes class file versions up to 61.0 (unable to load class [Controller.LoginServlet])
		at org.apache.catalina.loader.WebappClassLoaderBase.findClassInternal(WebappClassLoaderBase.java:2363)
		at org.apache.catalina.loader.WebappClassLoaderBase.findClassInternal(WebappClassLoaderBase.java:2224)
		at org.apache.catalina.loader.WebappClassLoaderBase.findClass(WebappClassLoaderBase.java:811)
		at org.apache.catalina.loader.WebappClassLoaderBase.loadClass(WebappClassLoaderBase.java:1338)
		at org.apache.catalina.loader.WebappClassLoaderBase.loadClass(WebappClassLoaderBase.java:1186)
		at org.apache.catalina.core.DefaultInstanceManager.loadClass(DefaultInstanceManager.java:487)
		at org.apache.catalina.core.DefaultInstanceManager.loadClassMaybePrivileged(DefaultInstanceManager.java:469)
		at org.apache.catalina.core.DefaultInstanceManager.newInstance(DefaultInstanceManager.java:143)
		at org.apache.catalina.core.StandardWrapper.loadServlet(StandardWrapper.java:761)
		at org.apache.catalina.core.StandardWrapper.allocate(StandardWrapper.java:578)
		at org.apache.catalina.core.StandardWrapperValve.invoke(StandardWrapperValve.java:113)
		at org.apache.catalina.core.StandardContextValve.invoke(StandardContextValve.java:88)
		at org.apache.catalina.authenticator.AuthenticatorBase.invoke(AuthenticatorBase.java:492)
		at org.apache.catalina.core.StandardHostValve.invoke(StandardHostValve.java:113)
		at org.apache.catalina.valves.ErrorReportValve.invoke(ErrorReportValve.java:83)
		at org.apache.catalina.valves.AbstractAccessLogValve.invoke(AbstractAccessLogValve.java:654)
		at org.apache.catalina.core.StandardEngineValve.invoke(StandardEngineValve.java:72)
		at org.apache.catalina.connector.CoyoteAdapter.service(CoyoteAdapter.java:342)
		at org.apache.coyote.http11.Http11Processor.service(Http11Processor.java:399)
		at org.apache.coyote.AbstractProcessorLight.process(AbstractProcessorLight.java:63)
		at org.apache.coyote.AbstractProtocol$ConnectionHandler.process(AbstractProtocol.java:903)
		at org.apache.tomcat.util.net.NioEndpoint$SocketProcessor.doRun(NioEndpoint.java:1775)
		at org.apache.tomcat.util.net.SocketProcessorBase.run(SocketProcessorBase.java:52)
		at org.apache.tomcat.util.threads.ThreadPoolExecutor.runWorker(ThreadPoolExecutor.java:973)
		at org.apache.tomcat.util.threads.ThreadPoolExecutor$Worker.run(ThreadPoolExecutor.java:491)
		at org.apache.tomcat.util.threads.TaskThread$WrappingRunnable.run(TaskThread.java:63)
		at java.base/java.lang.Thread.run(Thread.java:842)
03-Mar-2026 17:08:36.015 INFO [main] org.apache.catalina.core.ApplicationContext.log SessionListener: contextDestroyed()
03-Mar-2026 17:08:36.015 INFO [main] org.apache.catalina.core.ApplicationContext.log ContextListener: contextDestroyed()
03-Mar-2026 17:08:58.120 INFO [main] org.apache.catalina.core.ApplicationContext.log ContextListener: contextInitialized()
03-Mar-2026 17:08:58.120 INFO [main] org.apache.catalina.core.ApplicationContext.log SessionListener: contextInitialized()
03-Mar-2026 17:08:58.123 INFO [main] org.apache.catalina.core.ApplicationContext.log ContextListener: attributeAdded('StockTicker', 'async.Stockticker@2f058b8a')
03-Mar-2026 17:09:42.621 SEVERE [http-nio-8080-exec-5] org.apache.catalina.core.StandardWrapperValve.invoke Servlet.service() for servlet [jsp] in context with path [/IBanking] threw exception [org.apache.jasper.JasperException: Unable to compile class for JSP: 

An error occurred at line: [14] in the jsp file: [/history.jsp]
history cannot be resolved to a variable
11: <body>
12:     <h1>Lịch sử hoạt động</h1>
13:     <%
14:         if(history != null && !history.isEmpty()){
15:             out.println("<ul>");
16:             for(String item : history){
17:                 out.println("<li>" +item + "</li>");


An error occurred at line: [14] in the jsp file: [/history.jsp]
history cannot be resolved
11: <body>
12:     <h1>Lịch sử hoạt động</h1>
13:     <%
14:         if(history != null && !history.isEmpty()){
15:             out.println("<ul>");
16:             for(String item : history){
17:                 out.println("<li>" +item + "</li>");


An error occurred at line: [16] in the jsp file: [/history.jsp]
history cannot be resolved to a variable
13:     <%
14:         if(history != null && !history.isEmpty()){
15:             out.println("<ul>");
16:             for(String item : history){
17:                 out.println("<li>" +item + "</li>");
18:             }
19:             out.println("</ul>");


Stacktrace:] with root cause
	org.apache.jasper.JasperException: Unable to compile class for JSP: 

An error occurred at line: [14] in the jsp file: [/history.jsp]
history cannot be resolved to a variable
11: <body>
12:     <h1>Lịch sử hoạt động</h1>
13:     <%
14:         if(history != null && !history.isEmpty()){
15:             out.println("<ul>");
16:             for(String item : history){
17:                 out.println("<li>" +item + "</li>");


An error occurred at line: [14] in the jsp file: [/history.jsp]
history cannot be resolved
11: <body>
12:     <h1>Lịch sử hoạt động</h1>
13:     <%
14:         if(history != null && !history.isEmpty()){
15:             out.println("<ul>");
16:             for(String item : history){
17:                 out.println("<li>" +item + "</li>");


An error occurred at line: [16] in the jsp file: [/history.jsp]
history cannot be resolved to a variable
13:     <%
14:         if(history != null && !history.isEmpty()){
15:             out.println("<ul>");
16:             for(String item : history){
17:                 out.println("<li>" +item + "</li>");
18:             }
19:             out.println("</ul>");


Stacktrace:
		at org.apache.jasper.compiler.DefaultErrorHandler.javacError(DefaultErrorHandler.java:70)
		at org.apache.jasper.compiler.ErrorDispatcher.javacError(ErrorDispatcher.java:189)
		at org.apache.jasper.compiler.JDTCompiler.generateClass(JDTCompiler.java:553)
		at org.apache.jasper.compiler.Compiler.compile(Compiler.java:367)
		at org.apache.jasper.compiler.Compiler.compile(Compiler.java:339)
		at org.apache.jasper.compiler.Compiler.compile(Compiler.java:325)
		at org.apache.jasper.JspCompilationContext.compile(JspCompilationContext.java:586)
		at org.apache.jasper.servlet.JspServletWrapper.service(JspServletWrapper.java:368)
		at org.apache.jasper.servlet.JspServlet.serviceJspFile(JspServlet.java:350)
		at org.apache.jasper.servlet.JspServlet.service(JspServlet.java:301)
		at jakarta.servlet.http.HttpServlet.service(HttpServlet.java:658)
		at org.apache.catalina.core.ApplicationFilterChain.internalDoFilter(ApplicationFilterChain.java:193)
		at org.apache.catalina.core.ApplicationFilterChain.doFilter(ApplicationFilterChain.java:138)
		at org.apache.tomcat.websocket.server.WsFilter.doFilter(WsFilter.java:51)
		at org.apache.catalina.core.ApplicationFilterChain.internalDoFilter(ApplicationFilterChain.java:162)
		at org.apache.catalina.core.ApplicationFilterChain.doFilter(ApplicationFilterChain.java:138)
		at org.apache.catalina.core.StandardWrapperValve.invoke(StandardWrapperValve.java:165)
		at org.apache.catalina.core.StandardContextValve.invoke(StandardContextValve.java:88)
		at org.apache.catalina.authenticator.AuthenticatorBase.invoke(AuthenticatorBase.java:492)
		at org.apache.catalina.core.StandardHostValve.invoke(StandardHostValve.java:113)
		at org.apache.catalina.valves.ErrorReportValve.invoke(ErrorReportValve.java:83)
		at org.apache.catalina.valves.AbstractAccessLogValve.invoke(AbstractAccessLogValve.java:654)
		at org.apache.catalina.core.StandardEngineValve.invoke(StandardEngineValve.java:72)
		at org.apache.catalina.connector.CoyoteAdapter.service(CoyoteAdapter.java:342)
		at org.apache.coyote.http11.Http11Processor.service(Http11Processor.java:399)
		at org.apache.coyote.AbstractProcessorLight.process(AbstractProcessorLight.java:63)
		at org.apache.coyote.AbstractProtocol$ConnectionHandler.process(AbstractProtocol.java:903)
		at org.apache.tomcat.util.net.NioEndpoint$SocketProcessor.doRun(NioEndpoint.java:1775)
		at org.apache.tomcat.util.net.SocketProcessorBase.run(SocketProcessorBase.java:52)
		at org.apache.tomcat.util.threads.ThreadPoolExecutor.runWorker(ThreadPoolExecutor.java:973)
		at org.apache.tomcat.util.threads.ThreadPoolExecutor$Worker.run(ThreadPoolExecutor.java:491)
		at org.apache.tomcat.util.threads.TaskThread$WrappingRunnable.run(TaskThread.java:63)
		at java.base/java.lang.Thread.run(Thread.java:842)
03-Mar-2026 17:09:46.913 SEVERE [http-nio-8080-exec-7] org.apache.catalina.core.StandardWrapperValve.invoke Servlet.service() for servlet [jsp] in context with path [/IBanking] threw exception [org.apache.jasper.JasperException: Unsupported encoding: [ UTF-8]] with root cause
	org.apache.jasper.JasperException: Unsupported encoding: [ UTF-8]
		at org.apache.jasper.compiler.DefaultErrorHandler.jspError(DefaultErrorHandler.java:35)
		at org.apache.jasper.compiler.ErrorDispatcher.dispatch(ErrorDispatcher.java:267)
		at org.apache.jasper.compiler.ErrorDispatcher.jspError(ErrorDispatcher.java:74)
		at org.apache.jasper.compiler.JspUtil.getReader(JspUtil.java:807)
		at org.apache.jasper.compiler.ParserController.doParse(ParserController.java:238)
		at org.apache.jasper.compiler.ParserController.parseDirectives(ParserController.java:123)
		at org.apache.jasper.compiler.Compiler.generateJava(Compiler.java:184)
		at org.apache.jasper.compiler.Compiler.compile(Compiler.java:361)
		at org.apache.jasper.compiler.Compiler.compile(Compiler.java:339)
		at org.apache.jasper.compiler.Compiler.compile(Compiler.java:325)
		at org.apache.jasper.JspCompilationContext.compile(JspCompilationContext.java:586)
		at org.apache.jasper.servlet.JspServletWrapper.service(JspServletWrapper.java:368)
		at org.apache.jasper.servlet.JspServlet.serviceJspFile(JspServlet.java:350)
		at org.apache.jasper.servlet.JspServlet.service(JspServlet.java:301)
		at jakarta.servlet.http.HttpServlet.service(HttpServlet.java:658)
		at org.apache.catalina.core.ApplicationFilterChain.internalDoFilter(ApplicationFilterChain.java:193)
		at org.apache.catalina.core.ApplicationFilterChain.doFilter(ApplicationFilterChain.java:138)
		at org.apache.tomcat.websocket.server.WsFilter.doFilter(WsFilter.java:51)
		at org.apache.catalina.core.ApplicationFilterChain.internalDoFilter(ApplicationFilterChain.java:162)
		at org.apache.catalina.core.ApplicationFilterChain.doFilter(ApplicationFilterChain.java:138)
		at org.apache.catalina.core.StandardWrapperValve.invoke(StandardWrapperValve.java:165)
		at org.apache.catalina.core.StandardContextValve.invoke(StandardContextValve.java:88)
		at org.apache.catalina.authenticator.AuthenticatorBase.invoke(AuthenticatorBase.java:492)
		at org.apache.catalina.core.StandardHostValve.invoke(StandardHostValve.java:113)
		at org.apache.catalina.valves.ErrorReportValve.invoke(ErrorReportValve.java:83)
		at org.apache.catalina.valves.AbstractAccessLogValve.invoke(AbstractAccessLogValve.java:654)
		at org.apache.catalina.core.StandardEngineValve.invoke(StandardEngineValve.java:72)
		at org.apache.catalina.connector.CoyoteAdapter.service(CoyoteAdapter.java:342)
		at org.apache.coyote.http11.Http11Processor.service(Http11Processor.java:399)
		at org.apache.coyote.AbstractProcessorLight.process(AbstractProcessorLight.java:63)
		at org.apache.coyote.AbstractProtocol$ConnectionHandler.process(AbstractProtocol.java:903)
		at org.apache.tomcat.util.net.NioEndpoint$SocketProcessor.doRun(NioEndpoint.java:1775)
		at org.apache.tomcat.util.net.SocketProcessorBase.run(SocketProcessorBase.java:52)
		at org.apache.tomcat.util.threads.ThreadPoolExecutor.runWorker(ThreadPoolExecutor.java:973)
		at org.apache.tomcat.util.threads.ThreadPoolExecutor$Worker.run(ThreadPoolExecutor.java:491)
		at org.apache.tomcat.util.threads.TaskThread$WrappingRunnable.run(TaskThread.java:63)
		at java.base/java.lang.Thread.run(Thread.java:842)
03-Mar-2026 17:12:19.949 INFO [main] org.apache.catalina.core.ApplicationContext.log SessionListener: contextDestroyed()
03-Mar-2026 17:12:19.949 INFO [main] org.apache.catalina.core.ApplicationContext.log ContextListener: contextDestroyed()
03-Mar-2026 17:12:23.305 INFO [main] org.apache.catalina.core.ApplicationContext.log ContextListener: contextInitialized()
03-Mar-2026 17:12:23.305 INFO [main] org.apache.catalina.core.ApplicationContext.log SessionListener: contextInitialized()
03-Mar-2026 17:12:23.307 INFO [main] org.apache.catalina.core.ApplicationContext.log ContextListener: attributeAdded('StockTicker', 'async.Stockticker@1a1da881')
03-Mar-2026 17:12:51.903 SEVERE [http-nio-8080-exec-5] org.apache.catalina.core.StandardWrapperValve.invoke Servlet.service() for servlet [jsp] in context with path [/IBanking] threw exception [org.apache.jasper.JasperException: Unable to compile class for JSP: 

An error occurred at line: [147] in the generated java file: [E:\apache-tomcat-10.1.52\work\Catalina\localhost\IBanking\org\apache\jsp\support_jsp.java]
Syntax error, insert "else Statement" to complete IfStatement

An error occurred at line: [147] in the generated java file: [E:\apache-tomcat-10.1.52\work\Catalina\localhost\IBanking\org\apache\jsp\support_jsp.java]
Syntax error, insert "}" to complete Block

An error occurred at line: [164] in the generated java file: [E:\apache-tomcat-10.1.52\work\Catalina\localhost\IBanking\org\apache\jsp\support_jsp.java]
Syntax error on token "}", delete this token

An error occurred at line: [165] in the generated java file: [E:\apache-tomcat-10.1.52\work\Catalina\localhost\IBanking\org\apache\jsp\support_jsp.java]
Syntax error, insert "}" to complete ClassBody

Stacktrace:] with root cause
	org.apache.jasper.JasperException: Unable to compile class for JSP: 

An error occurred at line: [147] in the generated java file: [E:\apache-tomcat-10.1.52\work\Catalina\localhost\IBanking\org\apache\jsp\support_jsp.java]
Syntax error, insert "else Statement" to complete IfStatement

An error occurred at line: [147] in the generated java file: [E:\apache-tomcat-10.1.52\work\Catalina\localhost\IBanking\org\apache\jsp\support_jsp.java]
Syntax error, insert "}" to complete Block

An error occurred at line: [164] in the generated java file: [E:\apache-tomcat-10.1.52\work\Catalina\localhost\IBanking\org\apache\jsp\support_jsp.java]
Syntax error on token "}", delete this token

An error occurred at line: [165] in the generated java file: [E:\apache-tomcat-10.1.52\work\Catalina\localhost\IBanking\org\apache\jsp\support_jsp.java]
Syntax error, insert "}" to complete ClassBody

Stacktrace:
		at org.apache.jasper.compiler.DefaultErrorHandler.javacError(DefaultErrorHandler.java:70)
		at org.apache.jasper.compiler.ErrorDispatcher.javacError(ErrorDispatcher.java:189)
		at org.apache.jasper.compiler.JDTCompiler.generateClass(JDTCompiler.java:553)
		at org.apache.jasper.compiler.Compiler.compile(Compiler.java:367)
		at org.apache.jasper.compiler.Compiler.compile(Compiler.java:339)
		at org.apache.jasper.compiler.Compiler.compile(Compiler.java:325)
		at org.apache.jasper.JspCompilationContext.compile(JspCompilationContext.java:586)
		at org.apache.jasper.servlet.JspServletWrapper.service(JspServletWrapper.java:368)
		at org.apache.jasper.servlet.JspServlet.serviceJspFile(JspServlet.java:350)
		at org.apache.jasper.servlet.JspServlet.service(JspServlet.java:301)
		at jakarta.servlet.http.HttpServlet.service(HttpServlet.java:658)
		at org.apache.catalina.core.ApplicationFilterChain.internalDoFilter(ApplicationFilterChain.java:193)
		at org.apache.catalina.core.ApplicationFilterChain.doFilter(ApplicationFilterChain.java:138)
		at org.apache.tomcat.websocket.server.WsFilter.doFilter(WsFilter.java:51)
		at org.apache.catalina.core.ApplicationFilterChain.internalDoFilter(ApplicationFilterChain.java:162)
		at org.apache.catalina.core.ApplicationFilterChain.doFilter(ApplicationFilterChain.java:138)
		at org.apache.catalina.core.StandardWrapperValve.invoke(StandardWrapperValve.java:165)
		at org.apache.catalina.core.StandardContextValve.invoke(StandardContextValve.java:88)
		at org.apache.catalina.authenticator.AuthenticatorBase.invoke(AuthenticatorBase.java:492)
		at org.apache.catalina.core.StandardHostValve.invoke(StandardHostValve.java:113)
		at org.apache.catalina.valves.ErrorReportValve.invoke(ErrorReportValve.java:83)
		at org.apache.catalina.valves.AbstractAccessLogValve.invoke(AbstractAccessLogValve.java:654)
		at org.apache.catalina.core.StandardEngineValve.invoke(StandardEngineValve.java:72)
		at org.apache.catalina.connector.CoyoteAdapter.service(CoyoteAdapter.java:342)
		at org.apache.coyote.http11.Http11Processor.service(Http11Processor.java:399)
		at org.apache.coyote.AbstractProcessorLight.process(AbstractProcessorLight.java:63)
		at org.apache.coyote.AbstractProtocol$ConnectionHandler.process(AbstractProtocol.java:903)
		at org.apache.tomcat.util.net.NioEndpoint$SocketProcessor.doRun(NioEndpoint.java:1775)
		at org.apache.tomcat.util.net.SocketProcessorBase.run(SocketProcessorBase.java:52)
		at org.apache.tomcat.util.threads.ThreadPoolExecutor.runWorker(ThreadPoolExecutor.java:973)
		at org.apache.tomcat.util.threads.ThreadPoolExecutor$Worker.run(ThreadPoolExecutor.java:491)
		at org.apache.tomcat.util.threads.TaskThread$WrappingRunnable.run(TaskThread.java:63)
		at java.base/java.lang.Thread.run(Thread.java:842)
03-Mar-2026 17:19:39.127 INFO [main] org.apache.catalina.core.ApplicationContext.log SessionListener: contextDestroyed()
03-Mar-2026 17:19:39.127 INFO [main] org.apache.catalina.core.ApplicationContext.log ContextListener: contextDestroyed()
03-Mar-2026 17:19:43.872 INFO [main] org.apache.catalina.core.ApplicationContext.log ContextListener: contextInitialized()
03-Mar-2026 17:19:43.872 INFO [main] org.apache.catalina.core.ApplicationContext.log SessionListener: contextInitialized()
03-Mar-2026 17:19:43.880 INFO [main] org.apache.catalina.core.ApplicationContext.log ContextListener: attributeAdded('StockTicker', 'async.Stockticker@2f058b8a')
03-Mar-2026 17:22:56.996 INFO [main] org.apache.catalina.core.ApplicationContext.log SessionListener: contextDestroyed()
03-Mar-2026 17:22:56.996 INFO [main] org.apache.catalina.core.ApplicationContext.log ContextListener: contextDestroyed()
03-Mar-2026 17:23:01.438 INFO [main] org.apache.catalina.core.ApplicationContext.log ContextListener: contextInitialized()
03-Mar-2026 17:23:01.438 INFO [main] org.apache.catalina.core.ApplicationContext.log SessionListener: contextInitialized()
03-Mar-2026 17:23:01.446 INFO [main] org.apache.catalina.core.ApplicationContext.log ContextListener: attributeAdded('StockTicker', 'async.Stockticker@3d08f3f5')
03-Mar-2026 17:24:58.071 SEVERE [http-nio-8080-exec-7] org.apache.catalina.core.StandardWrapperValve.invoke Servlet.service() for servlet [jsp] in context with path [/IBanking] threw exception [org.apache.jasper.JasperException: Unable to compile class for JSP: 

An error occurred at line: [14] in the jsp file: [/history.jsp]
history cannot be resolved to a variable
11: <body>
12:     <h1>Lịch sử hoạt động</h1>
13:     <%
14:         if(history != null && !history.isEmpty()){
15:             out.println("<ul>");
16:             for(String item : history){
17:                 out.println("<li>" +item + "</li>");


An error occurred at line: [14] in the jsp file: [/history.jsp]
history cannot be resolved
11: <body>
12:     <h1>Lịch sử hoạt động</h1>
13:     <%
14:         if(history != null && !history.isEmpty()){
15:             out.println("<ul>");
16:             for(String item : history){
17:                 out.println("<li>" +item + "</li>");


An error occurred at line: [16] in the jsp file: [/history.jsp]
history cannot be resolved to a variable
13:     <%
14:         if(history != null && !history.isEmpty()){
15:             out.println("<ul>");
16:             for(String item : history){
17:                 out.println("<li>" +item + "</li>");
18:             }
19:             out.println("</ul>");


Stacktrace:] with root cause
	org.apache.jasper.JasperException: Unable to compile class for JSP: 

An error occurred at line: [14] in the jsp file: [/history.jsp]
history cannot be resolved to a variable
11: <body>
12:     <h1>Lịch sử hoạt động</h1>
13:     <%
14:         if(history != null && !history.isEmpty()){
15:             out.println("<ul>");
16:             for(String item : history){
17:                 out.println("<li>" +item + "</li>");


An error occurred at line: [14] in the jsp file: [/history.jsp]
history cannot be resolved
11: <body>
12:     <h1>Lịch sử hoạt động</h1>
13:     <%
14:         if(history != null && !history.isEmpty()){
15:             out.println("<ul>");
16:             for(String item : history){
17:                 out.println("<li>" +item + "</li>");


An error occurred at line: [16] in the jsp file: [/history.jsp]
history cannot be resolved to a variable
13:     <%
14:         if(history != null && !history.isEmpty()){
15:             out.println("<ul>");
16:             for(String item : history){
17:                 out.println("<li>" +item + "</li>");
18:             }
19:             out.println("</ul>");


Stacktrace:
		at org.apache.jasper.compiler.DefaultErrorHandler.javacError(DefaultErrorHandler.java:70)
		at org.apache.jasper.compiler.ErrorDispatcher.javacError(ErrorDispatcher.java:189)
		at org.apache.jasper.compiler.JDTCompiler.generateClass(JDTCompiler.java:553)
		at org.apache.jasper.compiler.Compiler.compile(Compiler.java:367)
		at org.apache.jasper.compiler.Compiler.compile(Compiler.java:339)
		at org.apache.jasper.compiler.Compiler.compile(Compiler.java:325)
		at org.apache.jasper.JspCompilationContext.compile(JspCompilationContext.java:586)
		at org.apache.jasper.servlet.JspServletWrapper.service(JspServletWrapper.java:368)
		at org.apache.jasper.servlet.JspServlet.serviceJspFile(JspServlet.java:350)
		at org.apache.jasper.servlet.JspServlet.service(JspServlet.java:301)
		at jakarta.servlet.http.HttpServlet.service(HttpServlet.java:658)
		at org.apache.catalina.core.ApplicationFilterChain.internalDoFilter(ApplicationFilterChain.java:193)
		at org.apache.catalina.core.ApplicationFilterChain.doFilter(ApplicationFilterChain.java:138)
		at org.apache.tomcat.websocket.server.WsFilter.doFilter(WsFilter.java:51)
		at org.apache.catalina.core.ApplicationFilterChain.internalDoFilter(ApplicationFilterChain.java:162)
		at org.apache.catalina.core.ApplicationFilterChain.doFilter(ApplicationFilterChain.java:138)
		at org.apache.catalina.core.StandardWrapperValve.invoke(StandardWrapperValve.java:165)
		at org.apache.catalina.core.StandardContextValve.invoke(StandardContextValve.java:88)
		at org.apache.catalina.authenticator.AuthenticatorBase.invoke(AuthenticatorBase.java:492)
		at org.apache.catalina.core.StandardHostValve.invoke(StandardHostValve.java:113)
		at org.apache.catalina.valves.ErrorReportValve.invoke(ErrorReportValve.java:83)
		at org.apache.catalina.valves.AbstractAccessLogValve.invoke(AbstractAccessLogValve.java:654)
		at org.apache.catalina.core.StandardEngineValve.invoke(StandardEngineValve.java:72)
		at org.apache.catalina.connector.CoyoteAdapter.service(CoyoteAdapter.java:342)
		at org.apache.coyote.http11.Http11Processor.service(Http11Processor.java:399)
		at org.apache.coyote.AbstractProcessorLight.process(AbstractProcessorLight.java:63)
		at org.apache.coyote.AbstractProtocol$ConnectionHandler.process(AbstractProtocol.java:903)
		at org.apache.tomcat.util.net.NioEndpoint$SocketProcessor.doRun(NioEndpoint.java:1775)
		at org.apache.tomcat.util.net.SocketProcessorBase.run(SocketProcessorBase.java:52)
		at org.apache.tomcat.util.threads.ThreadPoolExecutor.runWorker(ThreadPoolExecutor.java:973)
		at org.apache.tomcat.util.threads.ThreadPoolExecutor$Worker.run(ThreadPoolExecutor.java:491)
		at org.apache.tomcat.util.threads.TaskThread$WrappingRunnable.run(TaskThread.java:63)
		at java.base/java.lang.Thread.run(Thread.java:842)
