05-Mar-2026 06:53:17.951 INFO [main] org.apache.catalina.core.ApplicationContext.log ContextListener: contextInitialized()
05-Mar-2026 06:53:17.951 INFO [main] org.apache.catalina.core.ApplicationContext.log SessionListener: contextInitialized()
05-Mar-2026 06:53:17.951 INFO [main] org.apache.catalina.core.ApplicationContext.log ContextListener: attributeAdded('StockTicker', 'async.Stockticker@6175619b')
05-Mar-2026 06:56:58.992 INFO [main] org.apache.catalina.core.ApplicationContext.log ContextListener: contextInitialized()
05-Mar-2026 06:56:58.992 INFO [main] org.apache.catalina.core.ApplicationContext.log SessionListener: contextInitialized()
05-Mar-2026 06:56:58.992 INFO [main] org.apache.catalina.core.ApplicationContext.log ContextListener: attributeAdded('StockTicker', 'async.Stockticker@165b8a71')
05-Mar-2026 07:51:04.931 INFO [main] org.apache.catalina.core.ApplicationContext.log SessionListener: contextDestroyed()
05-Mar-2026 07:51:04.931 INFO [main] org.apache.catalina.core.ApplicationContext.log ContextListener: contextDestroyed()
05-Mar-2026 07:51:09.895 INFO [main] org.apache.catalina.core.ApplicationContext.log ContextListener: contextInitialized()
05-Mar-2026 07:51:09.895 INFO [main] org.apache.catalina.core.ApplicationContext.log SessionListener: contextInitialized()
05-Mar-2026 07:51:09.895 INFO [main] org.apache.catalina.core.ApplicationContext.log ContextListener: attributeAdded('StockTicker', 'async.Stockticker@6175619b')
05-Mar-2026 07:57:22.510 INFO [main] org.apache.catalina.core.ApplicationContext.log SessionListener: contextDestroyed()
05-Mar-2026 07:57:22.510 INFO [main] org.apache.catalina.core.ApplicationContext.log ContextListener: contextDestroyed()
05-Mar-2026 07:57:25.628 INFO [main] org.apache.catalina.core.ApplicationContext.log ContextListener: contextInitialized()
05-Mar-2026 07:57:25.628 INFO [main] org.apache.catalina.core.ApplicationContext.log SessionListener: contextInitialized()
05-Mar-2026 07:57:25.628 INFO [main] org.apache.catalina.core.ApplicationContext.log ContextListener: attributeAdded('StockTicker', 'async.Stockticker@165b8a71')
05-Mar-2026 16:57:58.243 INFO [main] org.apache.catalina.core.ApplicationContext.log ContextListener: contextInitialized()
05-Mar-2026 16:57:58.243 INFO [main] org.apache.catalina.core.ApplicationContext.log SessionListener: contextInitialized()
05-Mar-2026 16:57:58.245 INFO [main] org.apache.catalina.core.ApplicationContext.log ContextListener: attributeAdded('StockTicker', 'async.Stockticker@165b8a71')
05-Mar-2026 17:02:45.024 INFO [main] org.apache.catalina.core.ApplicationContext.log SessionListener: contextDestroyed()
05-Mar-2026 17:02:45.024 INFO [main] org.apache.catalina.core.ApplicationContext.log ContextListener: contextDestroyed()
05-Mar-2026 17:02:50.221 INFO [main] org.apache.catalina.core.ApplicationContext.log ContextListener: contextInitialized()
05-Mar-2026 17:02:50.221 INFO [main] org.apache.catalina.core.ApplicationContext.log SessionListener: contextInitialized()
05-Mar-2026 17:02:50.223 INFO [main] org.apache.catalina.core.ApplicationContext.log ContextListener: attributeAdded('StockTicker', 'async.Stockticker@165b8a71')
05-Mar-2026 17:09:22.644 INFO [main] org.apache.catalina.core.ApplicationContext.log SessionListener: contextDestroyed()
05-Mar-2026 17:09:22.645 INFO [main] org.apache.catalina.core.ApplicationContext.log ContextListener: contextDestroyed()
05-Mar-2026 17:09:25.864 INFO [main] org.apache.catalina.core.ApplicationContext.log ContextListener: contextInitialized()
05-Mar-2026 17:09:25.864 INFO [main] org.apache.catalina.core.ApplicationContext.log SessionListener: contextInitialized()
05-Mar-2026 17:09:25.866 INFO [main] org.apache.catalina.core.ApplicationContext.log ContextListener: attributeAdded('StockTicker', 'async.Stockticker@6175619b')
05-Mar-2026 17:10:02.841 INFO [main] org.apache.catalina.core.ApplicationContext.log ContextListener: contextInitialized()
05-Mar-2026 17:10:02.841 INFO [main] org.apache.catalina.core.ApplicationContext.log SessionListener: contextInitialized()
05-Mar-2026 17:10:02.842 INFO [main] org.apache.catalina.core.ApplicationContext.log ContextListener: attributeAdded('StockTicker', 'async.Stockticker@165b8a71')
05-Mar-2026 17:11:41.959 INFO [main] org.apache.catalina.core.ApplicationContext.log ContextListener: contextInitialized()
05-Mar-2026 17:11:41.959 INFO [main] org.apache.catalina.core.ApplicationContext.log SessionListener: contextInitialized()
05-Mar-2026 17:11:41.961 INFO [main] org.apache.catalina.core.ApplicationContext.log ContextListener: attributeAdded('StockTicker', 'async.Stockticker@165b8a71')
05-Mar-2026 17:43:07.456 INFO [main] org.apache.catalina.core.ApplicationContext.log SessionListener: contextDestroyed()
05-Mar-2026 17:43:07.456 INFO [main] org.apache.catalina.core.ApplicationContext.log ContextListener: contextDestroyed()
05-Mar-2026 17:43:10.556 INFO [main] org.apache.catalina.core.ApplicationContext.log ContextListener: contextInitialized()
05-Mar-2026 17:43:10.556 INFO [main] org.apache.catalina.core.ApplicationContext.log SessionListener: contextInitialized()
05-Mar-2026 17:43:10.558 INFO [main] org.apache.catalina.core.ApplicationContext.log ContextListener: attributeAdded('StockTicker', 'async.Stockticker@5b970f7')
05-Mar-2026 17:43:35.375 SEVERE [http-nio-8080-exec-1] org.apache.catalina.core.StandardWrapperValve.invoke Servlet.service() for servlet [Controller.ConfirmTransferServlet] in context with path [/IBanking] threw exception
	java.lang.NullPointerException: Cannot invoke "String.trim()" because "in" is null
		at java.base/jdk.internal.math.FloatingDecimal.readJavaFormatString(FloatingDecimal.java:1838)
		at java.base/jdk.internal.math.FloatingDecimal.parseDouble(FloatingDecimal.java:110)
		at java.base/java.lang.Double.parseDouble(Double.java:651)
		at Controller.ConfirmTransferServlet.doPost(ConfirmTransferServlet.java:40)
		at jakarta.servlet.http.HttpServlet.service(HttpServlet.java:590)
		at jakarta.servlet.http.HttpServlet.service(HttpServlet.java:658)
		at org.apache.catalina.core.ApplicationFilterChain.internalDoFilter(ApplicationFilterChain.java:193)
		at org.apache.catalina.core.ApplicationFilterChain.doFilter(ApplicationFilterChain.java:138)
		at org.apache.tomcat.websocket.server.WsFilter.doFilter(WsFilter.java:51)
		at org.apache.catalina.core.ApplicationFilterChain.internalDoFilter(ApplicationFilterChain.java:162)
		at org.apache.catalina.core.ApplicationFilterChain.doFilter(ApplicationFilterChain.java:138)
		at org.apache.catalina.core.StandardWrapperValve.invoke(StandardWrapperValve.java:165)
		at org.apache.catalina.core.StandardContextValve.invoke(StandardContextValve.java:88)
		at org.apache.catalina.authenticator.AuthenticatorBase.invoke(AuthenticatorBase.java:492)
		at org.apache.catalina.core.StandardHostValve.invoke(StandardHostValve.java:113)
		at org.apache.catalina.valves.ErrorReportValve.invoke(ErrorReportValve.java:83)
		at org.apache.catalina.valves.AbstractAccessLogValve.invoke(AbstractAccessLogValve.java:654)
		at org.apache.catalina.core.StandardEngineValve.invoke(StandardEngineValve.java:72)
		at org.apache.catalina.connector.CoyoteAdapter.service(CoyoteAdapter.java:342)
		at org.apache.coyote.http11.Http11Processor.service(Http11Processor.java:399)
		at org.apache.coyote.AbstractProcessorLight.process(AbstractProcessorLight.java:63)
		at org.apache.coyote.AbstractProtocol$ConnectionHandler.process(AbstractProtocol.java:903)
		at org.apache.tomcat.util.net.NioEndpoint$SocketProcessor.doRun(NioEndpoint.java:1775)
		at org.apache.tomcat.util.net.SocketProcessorBase.run(SocketProcessorBase.java:52)
		at org.apache.tomcat.util.threads.ThreadPoolExecutor.runWorker(ThreadPoolExecutor.java:973)
		at org.apache.tomcat.util.threads.ThreadPoolExecutor$Worker.run(ThreadPoolExecutor.java:491)
		at org.apache.tomcat.util.threads.TaskThread$WrappingRunnable.run(TaskThread.java:63)
		at java.base/java.lang.Thread.run(Thread.java:842)
05-Mar-2026 18:36:49.761 INFO [main] org.apache.catalina.core.ApplicationContext.log SessionListener: contextDestroyed()
05-Mar-2026 18:36:49.761 INFO [main] org.apache.catalina.core.ApplicationContext.log ContextListener: contextDestroyed()
05-Mar-2026 18:36:52.504 INFO [main] org.apache.catalina.core.ApplicationContext.log ContextListener: contextInitialized()
05-Mar-2026 18:36:52.504 INFO [main] org.apache.catalina.core.ApplicationContext.log SessionListener: contextInitialized()
05-Mar-2026 18:36:52.506 INFO [main] org.apache.catalina.core.ApplicationContext.log ContextListener: attributeAdded('StockTicker', 'async.Stockticker@2f058b8a')
